2020-05-09T18:45:59.844+0200 I  CONTROL  [main] Automatically disabling TLS 1.0, to force-enable TLS 1.0 specify --sslDisabledProtocols 'none'
2020-05-09T18:46:00.970+0200 W  ASIO     [main] No TransportLayer configured during NetworkInterface startup
2020-05-09T18:46:01.011+0200 I  CONTROL  [main] Trying to start Windows service 'MongoDB'
2020-05-09T18:46:01.070+0200 I  CONTROL  [initandlisten] MongoDB starting : pid=14744 port=27017 dbpath=C:\Serveur\SI\API_1\API_node_1\server\4.2\data 64-bit host=LAPTOP-Tristan
2020-05-09T18:46:01.071+0200 I  CONTROL  [initandlisten] targetMinOS: Windows 7/Windows Server 2008 R2
2020-05-09T18:46:01.072+0200 I  CONTROL  [initandlisten] db version v4.2.6
2020-05-09T18:46:01.072+0200 I  CONTROL  [initandlisten] git version: 20364840b8f1af16917e4c23c1b5f5efd8b352f8
2020-05-09T18:46:01.072+0200 I  CONTROL  [initandlisten] allocator: tcmalloc
2020-05-09T18:46:01.072+0200 I  CONTROL  [initandlisten] modules: none
2020-05-09T18:46:01.072+0200 I  CONTROL  [initandlisten] build environment:
2020-05-09T18:46:01.072+0200 I  CONTROL  [initandlisten]     distmod: 2012plus
2020-05-09T18:46:01.072+0200 I  CONTROL  [initandlisten]     distarch: x86_64
2020-05-09T18:46:01.072+0200 I  CONTROL  [initandlisten]     target_arch: x86_64
2020-05-09T18:46:01.074+0200 I  CONTROL  [initandlisten] options: { config: "C:\Program Files\MongoDB\Server\4.2\bin\mongod.cfg", net: { bindIp: "127.0.0.1", port: 27017 }, service: true, storage: { dbPath: "C:\Serveur\SI\API_1\API_node_1\server\4.2\data", journal: { enabled: true } }, systemLog: { destination: "file", logAppend: true, path: "C:\Serveur\SI\API_1\API_node_1\server\4.2\log\mongod.log" } }
2020-05-09T18:46:01.101+0200 I  STORAGE  [initandlisten] wiredtiger_open config: create,cache_size=3526M,cache_overflow=(file_max=0M),session_max=33000,eviction=(threads_min=4,threads_max=4),config_base=false,statistics=(fast),log=(enabled=true,archive=true,path=journal,compressor=snappy),file_manager=(close_idle_time=100000,close_scan_interval=10,close_handle_minimum=250),statistics_log=(wait=0),verbose=[recovery_progress,checkpoint_progress],
2020-05-09T18:46:01.242+0200 I  STORAGE  [initandlisten] WiredTiger message [1589042761:242048][14744:140734205812304], txn-recover: Set global recovery timestamp: (0, 0)
2020-05-09T18:46:01.256+0200 I  RECOVERY [initandlisten] WiredTiger recoveryTimestamp. Ts: Timestamp(0, 0)
2020-05-09T18:46:01.281+0200 I  STORAGE  [initandlisten] Timestamp monitor starting
2020-05-09T18:46:01.302+0200 I  CONTROL  [initandlisten] 
2020-05-09T18:46:01.302+0200 I  CONTROL  [initandlisten] ** WARNING: Access control is not enabled for the database.
2020-05-09T18:46:01.302+0200 I  CONTROL  [initandlisten] **          Read and write access to data and configuration is unrestricted.
2020-05-09T18:46:01.302+0200 I  CONTROL  [initandlisten] 
2020-05-09T18:46:01.318+0200 I  STORAGE  [initandlisten] createCollection: admin.system.version with provided UUID: 71df20db-a36b-4043-a4c2-cc401b9d7ccc and options: { uuid: UUID("71df20db-a36b-4043-a4c2-cc401b9d7ccc") }
2020-05-09T18:46:01.346+0200 I  INDEX    [initandlisten] index build: done building index _id_ on ns admin.system.version
2020-05-09T18:46:01.352+0200 I  SHARDING [initandlisten] Marking collection admin.system.version as collection version: <unsharded>
2020-05-09T18:46:01.353+0200 I  COMMAND  [initandlisten] setting featureCompatibilityVersion to 4.2
2020-05-09T18:46:01.356+0200 I  SHARDING [initandlisten] Marking collection local.system.replset as collection version: <unsharded>
2020-05-09T18:46:01.367+0200 I  STORAGE  [initandlisten] Flow Control is enabled on this deployment.
2020-05-09T18:46:01.371+0200 I  SHARDING [initandlisten] Marking collection admin.system.roles as collection version: <unsharded>
2020-05-09T18:46:01.376+0200 I  STORAGE  [initandlisten] createCollection: local.startup_log with generated UUID: ee7af087-2623-4526-8a01-eba62362781f and options: { capped: true, size: 10485760 }
2020-05-09T18:46:01.397+0200 I  INDEX    [initandlisten] index build: done building index _id_ on ns local.startup_log
2020-05-09T18:46:01.397+0200 I  SHARDING [initandlisten] Marking collection local.startup_log as collection version: <unsharded>
2020-05-09T18:46:02.583+0200 W  FTDC     [initandlisten] Failed to initialize Performance Counters for FTDC: WindowsPdhError: PdhExpandCounterPathW failed with 'L’objet spécifié n’a pas été trouvé sur l’ordinateur.' for counter '\Processor(_Total)\% Idle Time'
2020-05-09T18:46:02.585+0200 I  FTDC     [initandlisten] Initializing full-time diagnostic data capture with directory 'C:/Serveur/SI/API_1/API_node_1/server/4.2/data/diagnostic.data'
2020-05-09T18:46:02.603+0200 I  SHARDING [LogicalSessionCacheRefresh] Marking collection config.system.sessions as collection version: <unsharded>
2020-05-09T18:46:02.607+0200 I  NETWORK  [listener] Listening on 127.0.0.1
2020-05-09T18:46:02.607+0200 I  NETWORK  [listener] waiting for connections on port 27017
2020-05-09T18:46:02.608+0200 I  STORAGE  [initandlisten] Service running
2020-05-09T18:46:02.627+0200 I  CONTROL  [LogicalSessionCacheReap] Sessions collection is not set up; waiting until next sessions reap interval: config.system.sessions does not exist
2020-05-09T18:46:02.630+0200 I  STORAGE  [LogicalSessionCacheRefresh] createCollection: config.system.sessions with provided UUID: e91968d7-8d71-4f8f-af67-447a0b67c0fd and options: { uuid: UUID("e91968d7-8d71-4f8f-af67-447a0b67c0fd") }
2020-05-09T18:46:02.662+0200 I  INDEX    [LogicalSessionCacheRefresh] index build: done building index _id_ on ns config.system.sessions
2020-05-09T18:46:02.690+0200 I  INDEX    [LogicalSessionCacheRefresh] index build: starting on config.system.sessions properties: { v: 2, key: { lastUse: 1 }, name: "lsidTTLIndex", ns: "config.system.sessions", expireAfterSeconds: 1800 } using method: Hybrid
2020-05-09T18:46:02.690+0200 I  INDEX    [LogicalSessionCacheRefresh] build may temporarily use up to 200 megabytes of RAM
2020-05-09T18:46:02.694+0200 I  INDEX    [LogicalSessionCacheRefresh] index build: collection scan done. scanned 0 total records in 0 seconds
2020-05-09T18:46:02.701+0200 I  INDEX    [LogicalSessionCacheRefresh] index build: inserted 0 keys from external sorter into index in 0 seconds
2020-05-09T18:46:02.724+0200 I  INDEX    [LogicalSessionCacheRefresh] index build: done building index lsidTTLIndex on ns config.system.sessions
2020-05-09T18:46:02.734+0200 I  COMMAND  [LogicalSessionCacheRefresh] command config.system.sessions command: createIndexes { createIndexes: "system.sessions", indexes: [ { key: { lastUse: 1 }, name: "lsidTTLIndex", expireAfterSeconds: 1800 } ], $db: "config" } numYields:0 reslen:114 locks:{ ParallelBatchWriterMode: { acquireCount: { r: 2 } }, ReplicationStateTransition: { acquireCount: { w: 3 } }, Global: { acquireCount: { r: 1, w: 2 } }, Database: { acquireCount: { r: 1, w: 2, W: 1 } }, Collection: { acquireCount: { r: 4, w: 1, R: 1, W: 2 } }, Mutex: { acquireCount: { r: 3 } } } flowControl:{ acquireCount: 1, timeAcquiringMicros: 1 } storage:{} protocol:op_msg 101ms
2020-05-09T18:46:03.007+0200 I  SHARDING [ftdc] Marking collection local.oplog.rs as collection version: <unsharded>
2020-05-09T18:51:02.609+0200 I  SHARDING [LogicalSessionCacheReap] Marking collection config.transactions as collection version: <unsharded>
2020-05-09T18:52:35.062+0200 I  NETWORK  [listener] connection accepted from 127.0.0.1:52317 #1 (1 connection now open)
2020-05-09T18:52:35.095+0200 I  NETWORK  [conn1] received client metadata from 127.0.0.1:52317 conn1: { driver: { name: "nodejs", version: "3.5.7" }, os: { type: "Windows_NT", name: "win32", architecture: "x64", version: "10.0.18362" }, platform: "'Node.js v12.16.1, LE (legacy)" }
2020-05-09T18:55:01.657+0200 I  SHARDING [conn1] Marking collection books1936.books as collection version: <unsharded>
2020-05-09T18:55:01.657+0200 I  STORAGE  [conn1] createCollection: books1936.books with generated UUID: 06970e3b-04d9-4440-b248-6b657fc5d85c and options: {}
2020-05-09T18:55:01.677+0200 I  INDEX    [conn1] index build: done building index _id_ on ns books1936.books
2020-05-09T18:58:45.171+0200 I  NETWORK  [listener] connection accepted from 127.0.0.1:52421 #2 (2 connections now open)
2020-05-09T18:58:45.191+0200 I  NETWORK  [conn2] received client metadata from 127.0.0.1:52421 conn2: { application: { name: "MongoDB Shell" }, driver: { name: "MongoDB Internal Client", version: "4.2.6" }, os: { type: "Windows", name: "Microsoft Windows 10", architecture: "x86_64", version: "10.0 (build 18362)" } }
2020-05-09T18:58:54.936+0200 I  COMMAND  [conn2] command admin.$cmd appName: "MongoDB Shell" command: listDatabases { listDatabases: 1.0, nameOnly: false, lsid: { id: UUID("e8424f9e-9824-498b-9902-985485b827a4") }, $db: "admin" } numYields:0 reslen:286 locks:{ ParallelBatchWriterMode: { acquireCount: { r: 5 } }, ReplicationStateTransition: { acquireCount: { w: 5 } }, Global: { acquireCount: { r: 5 } }, Database: { acquireCount: { r: 4 } }, Collection: { acquireCount: { r: 4 } }, Mutex: { acquireCount: { r: 4 } } } storage:{} protocol:op_msg 234ms
2020-05-09T19:05:24.958+0200 I  NETWORK  [conn2] end connection 127.0.0.1:52421 (1 connection now open)
2020-05-09T19:05:44.141+0200 I  NETWORK  [conn1] end connection 127.0.0.1:52317 (0 connections now open)
2020-05-09T19:06:58.016+0200 I  NETWORK  [listener] connection accepted from 127.0.0.1:52572 #3 (1 connection now open)
2020-05-09T19:06:58.020+0200 I  NETWORK  [conn3] received client metadata from 127.0.0.1:52572 conn3: { driver: { name: "nodejs", version: "3.5.7" }, os: { type: "Windows_NT", name: "win32", architecture: "x64", version: "10.0.18362" }, platform: "'Node.js v12.16.1, LE (legacy)" }
2020-05-09T19:07:44.201+0200 I  NETWORK  [conn3] end connection 127.0.0.1:52572 (0 connections now open)
2020-05-09T19:38:00.266+0200 I  CONTROL  [serviceShutdown] got SERVICE_CONTROL_PRESHUTDOWN request from Windows Service Control Manager, will terminate after current cmd ends
2020-05-09T19:38:00.540+0200 I  NETWORK  [serviceShutdown] shutdown: going to close listening sockets...
2020-05-09T19:38:00.541+0200 I  -        [serviceShutdown] Stopping further Flow Control ticket acquisitions.
2020-05-09T19:38:00.559+0200 I  CONTROL  [serviceShutdown] Shutting down free monitoring
2020-05-09T19:38:00.559+0200 I  FTDC     [serviceShutdown] Shutting down full-time diagnostic data capture
2020-05-09T19:38:00.570+0200 I  STORAGE  [serviceShutdown] Deregistering all the collections
2020-05-09T19:38:00.618+0200 I  STORAGE  [serviceShutdown] Timestamp monitor shutting down
2020-05-09T19:38:00.620+0200 I  STORAGE  [serviceShutdown] WiredTigerKVEngine shutting down
2020-05-09T19:38:00.620+0200 I  STORAGE  [serviceShutdown] Shutting down session sweeper thread
2020-05-09T19:38:00.620+0200 I  STORAGE  [serviceShutdown] Finished shutting down session sweeper thread
2020-05-09T19:38:00.620+0200 I  STORAGE  [serviceShutdown] Shutting down journal flusher thread
2020-05-09T19:38:00.717+0200 I  STORAGE  [serviceShutdown] Finished shutting down journal flusher thread
2020-05-09T19:38:00.718+0200 I  STORAGE  [serviceShutdown] Shutting down checkpoint thread
2020-05-09T19:38:00.718+0200 I  STORAGE  [serviceShutdown] Finished shutting down checkpoint thread
2020-05-09T19:38:00.885+0200 I  STORAGE  [serviceShutdown] shutdown: removing fs lock...
2020-05-09T19:38:00.886+0200 I  CONTROL  [serviceShutdown] now exiting
2020-05-09T19:38:40.062+0200 I  CONTROL  [main] ***** SERVER RESTARTED *****
2020-05-09T19:38:40.066+0200 I  CONTROL  [main] Automatically disabling TLS 1.0, to force-enable TLS 1.0 specify --sslDisabledProtocols 'none'
2020-05-09T19:38:41.641+0200 W  ASIO     [main] No TransportLayer configured during NetworkInterface startup
2020-05-09T19:38:41.657+0200 I  CONTROL  [main] Trying to start Windows service 'MongoDB'
2020-05-09T19:38:41.790+0200 I  CONTROL  [initandlisten] MongoDB starting : pid=6584 port=27017 dbpath=C:\Serveur\SI\API_1\API_node_1\server\4.2\data 64-bit host=LAPTOP-Tristan
2020-05-09T19:38:41.790+0200 I  CONTROL  [initandlisten] targetMinOS: Windows 7/Windows Server 2008 R2
2020-05-09T19:38:41.790+0200 I  CONTROL  [initandlisten] db version v4.2.6
2020-05-09T19:38:41.790+0200 I  CONTROL  [initandlisten] git version: 20364840b8f1af16917e4c23c1b5f5efd8b352f8
2020-05-09T19:38:41.790+0200 I  CONTROL  [initandlisten] allocator: tcmalloc
2020-05-09T19:38:41.790+0200 I  CONTROL  [initandlisten] modules: none
2020-05-09T19:38:41.790+0200 I  CONTROL  [initandlisten] build environment:
2020-05-09T19:38:41.790+0200 I  CONTROL  [initandlisten]     distmod: 2012plus
2020-05-09T19:38:41.790+0200 I  CONTROL  [initandlisten]     distarch: x86_64
2020-05-09T19:38:41.790+0200 I  CONTROL  [initandlisten]     target_arch: x86_64
2020-05-09T19:38:41.791+0200 I  CONTROL  [initandlisten] options: { config: "C:\Program Files\MongoDB\Server\4.2\bin\mongod.cfg", net: { bindIp: "127.0.0.1", port: 27017 }, service: true, storage: { dbPath: "C:\Serveur\SI\API_1\API_node_1\server\4.2\data", journal: { enabled: true } }, systemLog: { destination: "file", logAppend: true, path: "C:\Serveur\SI\API_1\API_node_1\server\4.2\log\mongod.log" } }
2020-05-09T19:38:41.849+0200 I  STORAGE  [initandlisten] Detected data files in C:\Serveur\SI\API_1\API_node_1\server\4.2\data created by the 'wiredTiger' storage engine, so setting the active storage engine to 'wiredTiger'.
2020-05-09T19:38:41.849+0200 I  STORAGE  [initandlisten] wiredtiger_open config: create,cache_size=3526M,cache_overflow=(file_max=0M),session_max=33000,eviction=(threads_min=4,threads_max=4),config_base=false,statistics=(fast),log=(enabled=true,archive=true,path=journal,compressor=snappy),file_manager=(close_idle_time=100000,close_scan_interval=10,close_handle_minimum=250),statistics_log=(wait=0),verbose=[recovery_progress,checkpoint_progress],
2020-05-09T19:38:41.877+0200 I  STORAGE  [initandlisten] WiredTiger message [1589045921:877147][6584:140723775692368], txn-recover: Recovering log 1 through 2
2020-05-09T19:38:42.101+0200 I  STORAGE  [initandlisten] WiredTiger message [1589045922:52639][6584:140723775692368], txn-recover: Recovering log 2 through 2
2020-05-09T19:38:42.573+0200 I  STORAGE  [initandlisten] WiredTiger message [1589045922:573075][6584:140723775692368], txn-recover: Main recovery loop: starting at 1/47616 to 2/256
2020-05-09T19:38:42.998+0200 I  STORAGE  [initandlisten] WiredTiger message [1589045922:997764][6584:140723775692368], txn-recover: Recovering log 1 through 2
2020-05-09T19:38:43.158+0200 I  STORAGE  [initandlisten] WiredTiger message [1589045923:158047][6584:140723775692368], txn-recover: Recovering log 2 through 2
2020-05-09T19:38:43.345+0200 I  STORAGE  [initandlisten] WiredTiger message [1589045923:345477][6584:140723775692368], txn-recover: Set global recovery timestamp: (0, 0)
2020-05-09T19:38:43.372+0200 I  RECOVERY [initandlisten] WiredTiger recoveryTimestamp. Ts: Timestamp(0, 0)
2020-05-09T19:38:43.616+0200 I  STORAGE  [initandlisten] Timestamp monitor starting
2020-05-09T19:38:43.682+0200 I  CONTROL  [initandlisten] 
2020-05-09T19:38:43.682+0200 I  CONTROL  [initandlisten] ** WARNING: Access control is not enabled for the database.
2020-05-09T19:38:43.682+0200 I  CONTROL  [initandlisten] **          Read and write access to data and configuration is unrestricted.
2020-05-09T19:38:43.683+0200 I  CONTROL  [initandlisten] 
2020-05-09T19:38:43.832+0200 I  SHARDING [initandlisten] Marking collection local.system.replset as collection version: <unsharded>
2020-05-09T19:38:43.846+0200 I  STORAGE  [initandlisten] Flow Control is enabled on this deployment.
2020-05-09T19:38:43.852+0200 I  SHARDING [initandlisten] Marking collection admin.system.roles as collection version: <unsharded>
2020-05-09T19:38:43.858+0200 I  SHARDING [initandlisten] Marking collection admin.system.version as collection version: <unsharded>
2020-05-09T19:38:43.912+0200 I  SHARDING [initandlisten] Marking collection local.startup_log as collection version: <unsharded>
2020-05-09T19:38:44.722+0200 W  FTDC     [initandlisten] Failed to initialize Performance Counters for FTDC: WindowsPdhError: PdhExpandCounterPathW failed with 'L’objet spécifié n’a pas été trouvé sur l’ordinateur.' for counter '\Processor(_Total)\% Idle Time'
2020-05-09T19:38:44.722+0200 I  FTDC     [initandlisten] Initializing full-time diagnostic data capture with directory 'C:/Serveur/SI/API_1/API_node_1/server/4.2/data/diagnostic.data'
2020-05-09T19:38:44.965+0200 I  SHARDING [LogicalSessionCacheRefresh] Marking collection config.system.sessions as collection version: <unsharded>
2020-05-09T19:38:44.984+0200 I  SHARDING [LogicalSessionCacheReap] Marking collection config.transactions as collection version: <unsharded>
2020-05-09T19:38:44.997+0200 I  NETWORK  [listener] Listening on 127.0.0.1
2020-05-09T19:38:44.997+0200 I  NETWORK  [listener] waiting for connections on port 27017
2020-05-09T19:38:44.997+0200 I  STORAGE  [initandlisten] Service running
2020-05-09T19:38:45.040+0200 I  SHARDING [ftdc] Marking collection local.oplog.rs as collection version: <unsharded>
2020-05-10T17:41:44.520+0200 I  CONTROL  [main] ***** SERVER RESTARTED *****
2020-05-10T17:41:44.543+0200 I  CONTROL  [main] Automatically disabling TLS 1.0, to force-enable TLS 1.0 specify --sslDisabledProtocols 'none'
2020-05-10T17:41:46.295+0200 W  ASIO     [main] No TransportLayer configured during NetworkInterface startup
2020-05-10T17:41:46.321+0200 I  CONTROL  [main] Trying to start Windows service 'MongoDB'
2020-05-10T17:41:46.365+0200 I  CONTROL  [initandlisten] MongoDB starting : pid=4932 port=27017 dbpath=C:\Serveur\SI\API_1\API_node_1\server\4.2\data 64-bit host=LAPTOP-Tristan
2020-05-10T17:41:46.365+0200 I  CONTROL  [initandlisten] targetMinOS: Windows 7/Windows Server 2008 R2
2020-05-10T17:41:46.365+0200 I  CONTROL  [initandlisten] db version v4.2.6
2020-05-10T17:41:46.366+0200 I  CONTROL  [initandlisten] git version: 20364840b8f1af16917e4c23c1b5f5efd8b352f8
2020-05-10T17:41:46.366+0200 I  CONTROL  [initandlisten] allocator: tcmalloc
2020-05-10T17:41:46.366+0200 I  CONTROL  [initandlisten] modules: none
2020-05-10T17:41:46.366+0200 I  CONTROL  [initandlisten] build environment:
2020-05-10T17:41:46.366+0200 I  CONTROL  [initandlisten]     distmod: 2012plus
2020-05-10T17:41:46.366+0200 I  CONTROL  [initandlisten]     distarch: x86_64
2020-05-10T17:41:46.366+0200 I  CONTROL  [initandlisten]     target_arch: x86_64
2020-05-10T17:41:46.366+0200 I  CONTROL  [initandlisten] options: { config: "C:\Program Files\MongoDB\Server\4.2\bin\mongod.cfg", net: { bindIp: "127.0.0.1", port: 27017 }, service: true, storage: { dbPath: "C:\Serveur\SI\API_1\API_node_1\server\4.2\data", journal: { enabled: true } }, systemLog: { destination: "file", logAppend: true, path: "C:\Serveur\SI\API_1\API_node_1\server\4.2\log\mongod.log" } }
2020-05-10T17:41:46.388+0200 W  STORAGE  [initandlisten] Detected unclean shutdown - C:\Serveur\SI\API_1\API_node_1\server\4.2\data\mongod.lock is not empty.
2020-05-10T17:41:46.392+0200 I  STORAGE  [initandlisten] Detected data files in C:\Serveur\SI\API_1\API_node_1\server\4.2\data created by the 'wiredTiger' storage engine, so setting the active storage engine to 'wiredTiger'.
2020-05-10T17:41:46.393+0200 W  STORAGE  [initandlisten] Recovering data from the last clean checkpoint.
2020-05-10T17:41:46.394+0200 I  STORAGE  [initandlisten] wiredtiger_open config: create,cache_size=3526M,cache_overflow=(file_max=0M),session_max=33000,eviction=(threads_min=4,threads_max=4),config_base=false,statistics=(fast),log=(enabled=true,archive=true,path=journal,compressor=snappy),file_manager=(close_idle_time=100000,close_scan_interval=10,close_handle_minimum=250),statistics_log=(wait=0),verbose=[recovery_progress,checkpoint_progress],
2020-05-10T17:41:46.448+0200 I  STORAGE  [initandlisten] WiredTiger message [1589125306:447927][4932:140710336880208], txn-recover: Recovering log 2 through 3
2020-05-10T17:41:46.620+0200 I  STORAGE  [initandlisten] WiredTiger message [1589125306:620069][4932:140710336880208], txn-recover: Recovering log 3 through 3
2020-05-10T17:41:46.784+0200 I  STORAGE  [initandlisten] WiredTiger message [1589125306:783719][4932:140710336880208], txn-recover: Main recovery loop: starting at 2/6016 to 3/256
2020-05-10T17:41:46.973+0200 I  STORAGE  [initandlisten] WiredTiger message [1589125306:972525][4932:140710336880208], txn-recover: Recovering log 2 through 3
2020-05-10T17:41:47.099+0200 I  STORAGE  [initandlisten] WiredTiger message [1589125307:99636][4932:140710336880208], txn-recover: Recovering log 3 through 3
2020-05-10T17:41:47.230+0200 I  STORAGE  [initandlisten] WiredTiger message [1589125307:229858][4932:140710336880208], txn-recover: Set global recovery timestamp: (0, 0)
2020-05-10T17:41:47.249+0200 I  RECOVERY [initandlisten] WiredTiger recoveryTimestamp. Ts: Timestamp(0, 0)
2020-05-10T17:41:47.301+0200 I  STORAGE  [initandlisten] Timestamp monitor starting
2020-05-10T17:41:47.325+0200 I  CONTROL  [initandlisten] 
2020-05-10T17:41:47.325+0200 I  CONTROL  [initandlisten] ** WARNING: Access control is not enabled for the database.
2020-05-10T17:41:47.325+0200 I  CONTROL  [initandlisten] **          Read and write access to data and configuration is unrestricted.
2020-05-10T17:41:47.326+0200 I  CONTROL  [initandlisten] 
2020-05-10T17:41:47.397+0200 I  SHARDING [initandlisten] Marking collection local.system.replset as collection version: <unsharded>
2020-05-10T17:41:47.409+0200 I  STORAGE  [initandlisten] Flow Control is enabled on this deployment.
2020-05-10T17:41:47.410+0200 I  SHARDING [initandlisten] Marking collection admin.system.roles as collection version: <unsharded>
2020-05-10T17:41:47.412+0200 I  SHARDING [initandlisten] Marking collection admin.system.version as collection version: <unsharded>
2020-05-10T17:41:47.422+0200 I  SHARDING [initandlisten] Marking collection local.startup_log as collection version: <unsharded>
2020-05-10T17:41:48.052+0200 W  FTDC     [initandlisten] Failed to initialize Performance Counters for FTDC: WindowsPdhError: PdhExpandCounterPathW failed with 'L’objet spécifié n’a pas été trouvé sur l’ordinateur.' for counter '\Memory\Available Bytes'
2020-05-10T17:41:48.052+0200 I  FTDC     [initandlisten] Initializing full-time diagnostic data capture with directory 'C:/Serveur/SI/API_1/API_node_1/server/4.2/data/diagnostic.data'
2020-05-10T17:41:48.078+0200 I  SHARDING [LogicalSessionCacheRefresh] Marking collection config.system.sessions as collection version: <unsharded>
2020-05-10T17:41:48.087+0200 I  SHARDING [LogicalSessionCacheReap] Marking collection config.transactions as collection version: <unsharded>
2020-05-10T17:41:48.095+0200 I  NETWORK  [listener] Listening on 127.0.0.1
2020-05-10T17:41:48.095+0200 I  NETWORK  [listener] waiting for connections on port 27017
2020-05-10T17:41:48.109+0200 I  STORAGE  [initandlisten] Service running
2020-05-10T17:41:49.037+0200 I  FTDC     [ftdc] Unclean full-time diagnostic data capture shutdown detected, found interim file, some metrics may have been lost. OK
2020-05-10T17:41:49.614+0200 I  SHARDING [ftdc] Marking collection local.oplog.rs as collection version: <unsharded>
2020-05-11T01:55:39.156+0200 I  CONTROL  [main] ***** SERVER RESTARTED *****
2020-05-11T01:55:40.668+0200 I  CONTROL  [main] Automatically disabling TLS 1.0, to force-enable TLS 1.0 specify --sslDisabledProtocols 'none'
2020-05-11T01:55:40.693+0200 W  ASIO     [main] No TransportLayer configured during NetworkInterface startup
2020-05-11T01:55:40.720+0200 I  CONTROL  [main] Trying to start Windows service 'MongoDB'
2020-05-11T01:55:40.772+0200 I  CONTROL  [initandlisten] MongoDB starting : pid=5100 port=27017 dbpath=C:\Serveur\SI\API_1\API_node_1\server\4.2\data 64-bit host=LAPTOP-Tristan
2020-05-11T01:55:40.772+0200 I  CONTROL  [initandlisten] targetMinOS: Windows 7/Windows Server 2008 R2
2020-05-11T01:55:40.772+0200 I  CONTROL  [initandlisten] db version v4.2.6
2020-05-11T01:55:40.772+0200 I  CONTROL  [initandlisten] git version: 20364840b8f1af16917e4c23c1b5f5efd8b352f8
2020-05-11T01:55:40.772+0200 I  CONTROL  [initandlisten] allocator: tcmalloc
2020-05-11T01:55:40.772+0200 I  CONTROL  [initandlisten] modules: none
2020-05-11T01:55:40.772+0200 I  CONTROL  [initandlisten] build environment:
2020-05-11T01:55:40.772+0200 I  CONTROL  [initandlisten]     distmod: 2012plus
2020-05-11T01:55:40.772+0200 I  CONTROL  [initandlisten]     distarch: x86_64
2020-05-11T01:55:40.772+0200 I  CONTROL  [initandlisten]     target_arch: x86_64
2020-05-11T01:55:40.772+0200 I  CONTROL  [initandlisten] options: { config: "C:\Program Files\MongoDB\Server\4.2\bin\mongod.cfg", net: { bindIp: "127.0.0.1", port: 27017 }, service: true, storage: { dbPath: "C:\Serveur\SI\API_1\API_node_1\server\4.2\data", journal: { enabled: true } }, systemLog: { destination: "file", logAppend: true, path: "C:\Serveur\SI\API_1\API_node_1\server\4.2\log\mongod.log" } }
2020-05-11T01:55:40.786+0200 W  STORAGE  [initandlisten] Detected unclean shutdown - C:\Serveur\SI\API_1\API_node_1\server\4.2\data\mongod.lock is not empty.
2020-05-11T01:55:40.788+0200 I  STORAGE  [initandlisten] Detected data files in C:\Serveur\SI\API_1\API_node_1\server\4.2\data created by the 'wiredTiger' storage engine, so setting the active storage engine to 'wiredTiger'.
2020-05-11T01:55:40.788+0200 W  STORAGE  [initandlisten] Recovering data from the last clean checkpoint.
2020-05-11T01:55:40.788+0200 I  STORAGE  [initandlisten] wiredtiger_open config: create,cache_size=3526M,cache_overflow=(file_max=0M),session_max=33000,eviction=(threads_min=4,threads_max=4),config_base=false,statistics=(fast),log=(enabled=true,archive=true,path=journal,compressor=snappy),file_manager=(close_idle_time=100000,close_scan_interval=10,close_handle_minimum=250),statistics_log=(wait=0),verbose=[recovery_progress,checkpoint_progress],
2020-05-11T01:55:40.874+0200 I  STORAGE  [initandlisten] WiredTiger message [1589154940:874323][5100:140724212031056], txn-recover: Recovering log 3 through 4
2020-05-11T01:55:40.992+0200 I  STORAGE  [initandlisten] WiredTiger message [1589154940:992572][5100:140724212031056], txn-recover: Recovering log 4 through 4
2020-05-11T01:55:41.086+0200 I  STORAGE  [initandlisten] WiredTiger message [1589154941:85999][5100:140724212031056], txn-recover: Main recovery loop: starting at 3/6016 to 4/256
2020-05-11T01:55:41.341+0200 I  STORAGE  [initandlisten] WiredTiger message [1589154941:340985][5100:140724212031056], txn-recover: Recovering log 3 through 4
2020-05-11T01:55:41.451+0200 I  STORAGE  [initandlisten] WiredTiger message [1589154941:450512][5100:140724212031056], txn-recover: Recovering log 4 through 4
2020-05-11T01:55:41.625+0200 I  STORAGE  [initandlisten] WiredTiger message [1589154941:625256][5100:140724212031056], txn-recover: Set global recovery timestamp: (0, 0)
2020-05-11T01:55:41.697+0200 I  RECOVERY [initandlisten] WiredTiger recoveryTimestamp. Ts: Timestamp(0, 0)
2020-05-11T01:55:41.731+0200 I  STORAGE  [initandlisten] Timestamp monitor starting
2020-05-11T01:55:41.739+0200 I  CONTROL  [initandlisten] 
2020-05-11T01:55:41.739+0200 I  CONTROL  [initandlisten] ** WARNING: Access control is not enabled for the database.
2020-05-11T01:55:41.739+0200 I  CONTROL  [initandlisten] **          Read and write access to data and configuration is unrestricted.
2020-05-11T01:55:41.739+0200 I  CONTROL  [initandlisten] 
2020-05-11T01:55:41.788+0200 I  SHARDING [initandlisten] Marking collection local.system.replset as collection version: <unsharded>
2020-05-11T01:55:41.801+0200 I  STORAGE  [initandlisten] Flow Control is enabled on this deployment.
2020-05-11T01:55:41.804+0200 I  SHARDING [initandlisten] Marking collection admin.system.roles as collection version: <unsharded>
2020-05-11T01:55:41.807+0200 I  SHARDING [initandlisten] Marking collection admin.system.version as collection version: <unsharded>
2020-05-11T01:55:41.814+0200 I  SHARDING [initandlisten] Marking collection local.startup_log as collection version: <unsharded>
2020-05-11T01:55:42.754+0200 W  FTDC     [initandlisten] Failed to initialize Performance Counters for FTDC: WindowsPdhError: PdhExpandCounterPathW failed with 'L’objet spécifié n’a pas été trouvé sur l’ordinateur.' for counter '\Memory\Available Bytes'
2020-05-11T01:55:42.755+0200 I  FTDC     [initandlisten] Initializing full-time diagnostic data capture with directory 'C:/Serveur/SI/API_1/API_node_1/server/4.2/data/diagnostic.data'
2020-05-11T01:55:42.764+0200 I  SHARDING [LogicalSessionCacheRefresh] Marking collection config.system.sessions as collection version: <unsharded>
2020-05-11T01:55:42.765+0200 I  SHARDING [LogicalSessionCacheReap] Marking collection config.transactions as collection version: <unsharded>
2020-05-11T01:55:42.765+0200 I  NETWORK  [listener] Listening on 127.0.0.1
2020-05-11T01:55:42.766+0200 I  NETWORK  [listener] waiting for connections on port 27017
2020-05-11T01:55:42.766+0200 I  STORAGE  [initandlisten] Service running
2020-05-11T01:55:43.032+0200 I  FTDC     [ftdc] Unclean full-time diagnostic data capture shutdown detected, found interim file, some metrics may have been lost. OK
2020-05-11T01:55:43.615+0200 I  SHARDING [ftdc] Marking collection local.oplog.rs as collection version: <unsharded>
2020-05-12T20:58:37.512+0200 I  COMMAND  [PeriodicTaskRunner] task: UnusedLockCleaner took: 419ms
2020-05-12T21:32:37.067+0200 I  COMMAND  [LogicalSessionCacheRefresh] command config.system.sessions command: listIndexes { listIndexes: "system.sessions", cursor: {}, $db: "config" } numYields:0 reslen:307 locks:{ ReplicationStateTransition: { acquireCount: { w: 1 } }, Global: { acquireCount: { r: 1 } }, Database: { acquireCount: { r: 1 } }, Collection: { acquireCount: { r: 1 } }, Mutex: { acquireCount: { r: 1 } } } storage:{} protocol:op_msg 177ms
2020-05-14T17:40:13.321+0200 I  CONTROL  [serviceShutdown] got SERVICE_CONTROL_PRESHUTDOWN request from Windows Service Control Manager, will terminate after current cmd ends
2020-05-14T17:40:13.707+0200 I  NETWORK  [serviceShutdown] shutdown: going to close listening sockets...
2020-05-14T17:40:13.710+0200 I  -        [serviceShutdown] Stopping further Flow Control ticket acquisitions.
2020-05-14T17:40:13.718+0200 I  CONTROL  [serviceShutdown] Shutting down free monitoring
2020-05-14T17:40:13.718+0200 I  FTDC     [serviceShutdown] Shutting down full-time diagnostic data capture
2020-05-14T17:40:13.728+0200 I  STORAGE  [serviceShutdown] Deregistering all the collections
2020-05-14T17:40:13.740+0200 I  STORAGE  [serviceShutdown] Timestamp monitor shutting down
2020-05-14T17:40:13.741+0200 I  STORAGE  [serviceShutdown] WiredTigerKVEngine shutting down
2020-05-14T17:40:13.741+0200 I  STORAGE  [serviceShutdown] Shutting down session sweeper thread
2020-05-14T17:40:13.746+0200 I  STORAGE  [serviceShutdown] Finished shutting down session sweeper thread
2020-05-14T17:40:13.746+0200 I  STORAGE  [serviceShutdown] Shutting down journal flusher thread
2020-05-14T17:40:13.844+0200 I  STORAGE  [serviceShutdown] Finished shutting down journal flusher thread
2020-05-14T17:40:13.844+0200 I  STORAGE  [serviceShutdown] Shutting down checkpoint thread
2020-05-14T17:40:13.844+0200 I  STORAGE  [serviceShutdown] Finished shutting down checkpoint thread
2020-05-14T17:40:14.033+0200 I  STORAGE  [serviceShutdown] shutdown: removing fs lock...
2020-05-14T17:40:14.033+0200 I  CONTROL  [serviceShutdown] now exiting
2020-05-14T17:40:53.220+0200 I  CONTROL  [main] ***** SERVER RESTARTED *****
2020-05-14T17:40:54.666+0200 I  CONTROL  [main] Automatically disabling TLS 1.0, to force-enable TLS 1.0 specify --sslDisabledProtocols 'none'
2020-05-14T17:40:54.708+0200 W  ASIO     [main] No TransportLayer configured during NetworkInterface startup
2020-05-14T17:40:54.765+0200 I  CONTROL  [main] Trying to start Windows service 'MongoDB'
2020-05-14T17:40:54.860+0200 I  CONTROL  [initandlisten] MongoDB starting : pid=4868 port=27017 dbpath=C:\Serveur\SI\API_1\API_node_1\server\4.2\data 64-bit host=LAPTOP-Tristan
2020-05-14T17:40:54.860+0200 I  CONTROL  [initandlisten] targetMinOS: Windows 7/Windows Server 2008 R2
2020-05-14T17:40:54.860+0200 I  CONTROL  [initandlisten] db version v4.2.6
2020-05-14T17:40:54.860+0200 I  CONTROL  [initandlisten] git version: 20364840b8f1af16917e4c23c1b5f5efd8b352f8
2020-05-14T17:40:54.860+0200 I  CONTROL  [initandlisten] allocator: tcmalloc
2020-05-14T17:40:54.860+0200 I  CONTROL  [initandlisten] modules: none
2020-05-14T17:40:54.860+0200 I  CONTROL  [initandlisten] build environment:
2020-05-14T17:40:54.860+0200 I  CONTROL  [initandlisten]     distmod: 2012plus
2020-05-14T17:40:54.860+0200 I  CONTROL  [initandlisten]     distarch: x86_64
2020-05-14T17:40:54.860+0200 I  CONTROL  [initandlisten]     target_arch: x86_64
2020-05-14T17:40:54.860+0200 I  CONTROL  [initandlisten] options: { config: "C:\Program Files\MongoDB\Server\4.2\bin\mongod.cfg", net: { bindIp: "127.0.0.1", port: 27017 }, service: true, storage: { dbPath: "C:\Serveur\SI\API_1\API_node_1\server\4.2\data", journal: { enabled: true } }, systemLog: { destination: "file", logAppend: true, path: "C:\Serveur\SI\API_1\API_node_1\server\4.2\log\mongod.log" } }
2020-05-14T17:40:54.885+0200 I  STORAGE  [initandlisten] Detected data files in C:\Serveur\SI\API_1\API_node_1\server\4.2\data created by the 'wiredTiger' storage engine, so setting the active storage engine to 'wiredTiger'.
2020-05-14T17:40:54.886+0200 I  STORAGE  [initandlisten] wiredtiger_open config: create,cache_size=3526M,cache_overflow=(file_max=0M),session_max=33000,eviction=(threads_min=4,threads_max=4),config_base=false,statistics=(fast),log=(enabled=true,archive=true,path=journal,compressor=snappy),file_manager=(close_idle_time=100000,close_scan_interval=10,close_handle_minimum=250),statistics_log=(wait=0),verbose=[recovery_progress,checkpoint_progress],
2020-05-14T17:40:54.955+0200 I  STORAGE  [initandlisten] WiredTiger message [1589470854:954886][4868:140736525983312], txn-recover: Recovering log 4 through 5
2020-05-14T17:40:55.096+0200 I  STORAGE  [initandlisten] WiredTiger message [1589470855:96085][4868:140736525983312], txn-recover: Recovering log 5 through 5
2020-05-14T17:40:55.263+0200 I  STORAGE  [initandlisten] WiredTiger message [1589470855:263733][4868:140736525983312], txn-recover: Main recovery loop: starting at 4/6528 to 5/256
2020-05-14T17:40:55.480+0200 I  STORAGE  [initandlisten] WiredTiger message [1589470855:479653][4868:140736525983312], txn-recover: Recovering log 4 through 5
2020-05-14T17:40:55.588+0200 I  STORAGE  [initandlisten] WiredTiger message [1589470855:587789][4868:140736525983312], txn-recover: Recovering log 5 through 5
2020-05-14T17:40:55.662+0200 I  STORAGE  [initandlisten] WiredTiger message [1589470855:662444][4868:140736525983312], txn-recover: Set global recovery timestamp: (0, 0)
2020-05-14T17:40:55.679+0200 I  RECOVERY [initandlisten] WiredTiger recoveryTimestamp. Ts: Timestamp(0, 0)
2020-05-14T17:40:55.777+0200 I  STORAGE  [initandlisten] Timestamp monitor starting
2020-05-14T17:40:55.792+0200 I  CONTROL  [initandlisten] 
2020-05-14T17:40:55.792+0200 I  CONTROL  [initandlisten] ** WARNING: Access control is not enabled for the database.
2020-05-14T17:40:55.792+0200 I  CONTROL  [initandlisten] **          Read and write access to data and configuration is unrestricted.
2020-05-14T17:40:55.792+0200 I  CONTROL  [initandlisten] 
2020-05-14T17:40:55.838+0200 I  SHARDING [initandlisten] Marking collection local.system.replset as collection version: <unsharded>
2020-05-14T17:40:55.866+0200 I  STORAGE  [initandlisten] Flow Control is enabled on this deployment.
2020-05-14T17:40:55.868+0200 I  SHARDING [initandlisten] Marking collection admin.system.roles as collection version: <unsharded>
2020-05-14T17:40:55.869+0200 I  SHARDING [initandlisten] Marking collection admin.system.version as collection version: <unsharded>
2020-05-14T17:40:55.892+0200 I  SHARDING [initandlisten] Marking collection local.startup_log as collection version: <unsharded>
2020-05-14T17:40:56.535+0200 W  FTDC     [initandlisten] Failed to initialize Performance Counters for FTDC: WindowsPdhError: PdhExpandCounterPathW failed with 'L’objet spécifié n’a pas été trouvé sur l’ordinateur.' for counter '\Processor(_Total)\% Idle Time'
2020-05-14T17:40:56.535+0200 I  FTDC     [initandlisten] Initializing full-time diagnostic data capture with directory 'C:/Serveur/SI/API_1/API_node_1/server/4.2/data/diagnostic.data'
2020-05-14T17:40:56.591+0200 I  SHARDING [LogicalSessionCacheRefresh] Marking collection config.system.sessions as collection version: <unsharded>
2020-05-14T17:40:56.591+0200 I  SHARDING [LogicalSessionCacheReap] Marking collection config.transactions as collection version: <unsharded>
2020-05-14T17:40:56.593+0200 I  NETWORK  [listener] Listening on 127.0.0.1
2020-05-14T17:40:56.593+0200 I  NETWORK  [listener] waiting for connections on port 27017
2020-05-14T17:40:56.593+0200 I  STORAGE  [initandlisten] Service running
2020-05-14T17:40:57.057+0200 I  SHARDING [ftdc] Marking collection local.oplog.rs as collection version: <unsharded>
2020-05-14T23:53:25.062+0200 I  COMMAND  [LogicalSessionCacheReap] command config.system.sessions command: listIndexes { listIndexes: "system.sessions", cursor: {}, $db: "config" } numYields:0 reslen:307 locks:{ ReplicationStateTransition: { acquireCount: { w: 1 } }, Global: { acquireCount: { r: 1 } }, Database: { acquireCount: { r: 1 } }, Collection: { acquireCount: { r: 1 } }, Mutex: { acquireCount: { r: 1 } } } storage:{} protocol:op_msg 102ms
2020-05-21T14:52:36.818+0200 I  NETWORK  [listener] connection accepted from 127.0.0.1:51325 #1 (1 connection now open)
2020-05-21T14:52:36.947+0200 I  NETWORK  [conn1] received client metadata from 127.0.0.1:51325 conn1: { driver: { name: "nodejs", version: "3.5.7" }, os: { type: "Windows_NT", name: "win32", architecture: "x64", version: "10.0.18362" }, platform: "'Node.js v12.16.1, LE (legacy)" }
2020-05-21T14:54:52.480+0200 I  SHARDING [conn1] Marking collection books1936.books as collection version: <unsharded>
2020-05-21T14:54:52.683+0200 I  COMMAND  [conn1] command books1936.books command: find { find: "books", filter: {}, projection: {}, returnKey: false, showRecordId: false, lsid: { id: UUID("6953df35-e7bd-4350-a8e4-b7af449ae89b") }, $db: "books1936" } planSummary: COLLSCAN keysExamined:0 docsExamined:2 cursorExhausted:1 numYields:1 nreturned:2 reslen:360 locks:{ ReplicationStateTransition: { acquireCount: { w: 2 } }, Global: { acquireCount: { r: 2 } }, Database: { acquireCount: { r: 2 } }, Collection: { acquireCount: { r: 2 } }, Mutex: { acquireCount: { r: 1 } } } storage:{ data: { bytesRead: 350 } } protocol:op_msg 526ms
2020-05-21T14:59:49.536+0200 I  COMMAND  [conn1] command books1936.books command: find { find: "books", filter: {}, projection: {}, returnKey: false, showRecordId: false, lsid: { id: UUID("6953df35-e7bd-4350-a8e4-b7af449ae89b") }, $db: "books1936" } planSummary: COLLSCAN keysExamined:0 docsExamined:2 cursorExhausted:1 numYields:0 nreturned:2 reslen:360 locks:{ ReplicationStateTransition: { acquireCount: { w: 1 } }, Global: { acquireCount: { r: 1 } }, Database: { acquireCount: { r: 1 } }, Collection: { acquireCount: { r: 1 } }, Mutex: { acquireCount: { r: 1 } } } storage:{} protocol:op_msg 271ms
2020-05-21T15:43:59.484+0200 I  NETWORK  [conn1] end connection 127.0.0.1:51325 (0 connections now open)
2020-05-21T15:57:16.482+0200 I  NETWORK  [listener] connection accepted from 127.0.0.1:55012 #2 (1 connection now open)
2020-05-21T15:57:16.484+0200 I  NETWORK  [conn2] received client metadata from 127.0.0.1:55012 conn2: { driver: { name: "nodejs", version: "3.5.7" }, os: { type: "Windows_NT", name: "win32", architecture: "x64", version: "10.0.18362" }, platform: "'Node.js v12.16.1, LE (legacy)" }
2020-05-21T15:57:36.542+0200 I  NETWORK  [listener] connection accepted from 127.0.0.1:55016 #3 (2 connections now open)
2020-05-21T15:57:36.542+0200 I  NETWORK  [conn3] received client metadata from 127.0.0.1:55016 conn3: { driver: { name: "nodejs", version: "3.5.7" }, os: { type: "Windows_NT", name: "win32", architecture: "x64", version: "10.0.18362" }, platform: "'Node.js v12.16.1, LE (legacy)" }
2020-05-21T15:58:21.287+0200 I  NETWORK  [conn3] end connection 127.0.0.1:55016 (0 connections now open)
2020-05-21T15:58:21.287+0200 I  NETWORK  [conn2] end connection 127.0.0.1:55012 (1 connection now open)
2020-05-21T15:59:01.890+0200 I  CONTROL  [serviceShutdown] got SERVICE_CONTROL_PRESHUTDOWN request from Windows Service Control Manager, will terminate after current cmd ends
2020-05-21T15:59:02.178+0200 I  NETWORK  [serviceShutdown] shutdown: going to close listening sockets...
2020-05-21T15:59:02.178+0200 I  -        [serviceShutdown] Stopping further Flow Control ticket acquisitions.
2020-05-21T15:59:02.253+0200 I  CONTROL  [serviceShutdown] Shutting down free monitoring
2020-05-21T15:59:02.253+0200 I  FTDC     [serviceShutdown] Shutting down full-time diagnostic data capture
2020-05-21T15:59:02.263+0200 I  STORAGE  [serviceShutdown] Deregistering all the collections
2020-05-21T15:59:02.538+0200 I  STORAGE  [serviceShutdown] Timestamp monitor shutting down
2020-05-21T15:59:02.548+0200 I  STORAGE  [serviceShutdown] WiredTigerKVEngine shutting down
2020-05-21T15:59:02.548+0200 I  STORAGE  [serviceShutdown] Shutting down session sweeper thread
2020-05-21T15:59:02.620+0200 I  STORAGE  [serviceShutdown] Finished shutting down session sweeper thread
2020-05-21T15:59:02.620+0200 I  STORAGE  [serviceShutdown] Shutting down journal flusher thread
2020-05-21T15:59:02.648+0200 I  STORAGE  [serviceShutdown] Finished shutting down journal flusher thread
2020-05-21T15:59:02.648+0200 I  STORAGE  [serviceShutdown] Shutting down checkpoint thread
2020-05-21T15:59:02.649+0200 I  STORAGE  [serviceShutdown] Finished shutting down checkpoint thread
2020-05-21T15:59:03.083+0200 I  STORAGE  [serviceShutdown] shutdown: removing fs lock...
2020-05-21T15:59:03.084+0200 I  CONTROL  [serviceShutdown] now exiting
2020-05-21T15:59:52.545+0200 I  CONTROL  [main] ***** SERVER RESTARTED *****
2020-05-21T15:59:54.288+0200 I  CONTROL  [main] Automatically disabling TLS 1.0, to force-enable TLS 1.0 specify --sslDisabledProtocols 'none'
2020-05-21T15:59:54.291+0200 W  ASIO     [main] No TransportLayer configured during NetworkInterface startup
2020-05-21T15:59:54.306+0200 I  CONTROL  [main] Trying to start Windows service 'MongoDB'
2020-05-21T15:59:54.533+0200 I  CONTROL  [initandlisten] MongoDB starting : pid=7316 port=27017 dbpath=C:\Serveur\SI\API_1\API_node_1\server\4.2\data 64-bit host=LAPTOP-Tristan
2020-05-21T15:59:54.533+0200 I  CONTROL  [initandlisten] targetMinOS: Windows 7/Windows Server 2008 R2
2020-05-21T15:59:54.533+0200 I  CONTROL  [initandlisten] db version v4.2.6
2020-05-21T15:59:54.533+0200 I  CONTROL  [initandlisten] git version: 20364840b8f1af16917e4c23c1b5f5efd8b352f8
2020-05-21T15:59:54.533+0200 I  CONTROL  [initandlisten] allocator: tcmalloc
2020-05-21T15:59:54.533+0200 I  CONTROL  [initandlisten] modules: none
2020-05-21T15:59:54.533+0200 I  CONTROL  [initandlisten] build environment:
2020-05-21T15:59:54.533+0200 I  CONTROL  [initandlisten]     distmod: 2012plus
2020-05-21T15:59:54.533+0200 I  CONTROL  [initandlisten]     distarch: x86_64
2020-05-21T15:59:54.533+0200 I  CONTROL  [initandlisten]     target_arch: x86_64
2020-05-21T15:59:54.534+0200 I  CONTROL  [initandlisten] options: { config: "C:\Program Files\MongoDB\Server\4.2\bin\mongod.cfg", net: { bindIp: "127.0.0.1", port: 27017 }, service: true, storage: { dbPath: "C:\Serveur\SI\API_1\API_node_1\server\4.2\data", journal: { enabled: true } }, systemLog: { destination: "file", logAppend: true, path: "C:\Serveur\SI\API_1\API_node_1\server\4.2\log\mongod.log" } }
2020-05-21T15:59:54.575+0200 I  STORAGE  [initandlisten] Detected data files in C:\Serveur\SI\API_1\API_node_1\server\4.2\data created by the 'wiredTiger' storage engine, so setting the active storage engine to 'wiredTiger'.
2020-05-21T15:59:54.635+0200 I  STORAGE  [initandlisten] wiredtiger_open config: create,cache_size=3526M,cache_overflow=(file_max=0M),session_max=33000,eviction=(threads_min=4,threads_max=4),config_base=false,statistics=(fast),log=(enabled=true,archive=true,path=journal,compressor=snappy),file_manager=(close_idle_time=100000,close_scan_interval=10,close_handle_minimum=250),statistics_log=(wait=0),verbose=[recovery_progress,checkpoint_progress],
2020-05-21T15:59:54.668+0200 I  STORAGE  [initandlisten] WiredTiger message [1590069594:667659][7316:140716278308432], txn-recover: Recovering log 5 through 6
2020-05-21T15:59:54.990+0200 I  STORAGE  [initandlisten] WiredTiger message [1590069594:990153][7316:140716278308432], txn-recover: Recovering log 6 through 6
2020-05-21T15:59:55.365+0200 I  STORAGE  [initandlisten] WiredTiger message [1590069595:364795][7316:140716278308432], txn-recover: Main recovery loop: starting at 5/15104 to 6/256
2020-05-21T15:59:55.784+0200 I  STORAGE  [initandlisten] WiredTiger message [1590069595:783675][7316:140716278308432], txn-recover: Recovering log 5 through 6
2020-05-21T15:59:56.132+0200 I  STORAGE  [initandlisten] WiredTiger message [1590069596:131772][7316:140716278308432], txn-recover: Recovering log 6 through 6
2020-05-21T15:59:56.329+0200 I  STORAGE  [initandlisten] WiredTiger message [1590069596:328219][7316:140716278308432], txn-recover: Set global recovery timestamp: (0, 0)
2020-05-21T15:59:56.441+0200 I  RECOVERY [initandlisten] WiredTiger recoveryTimestamp. Ts: Timestamp(0, 0)
2020-05-21T15:59:56.615+0200 I  STORAGE  [initandlisten] Timestamp monitor starting
2020-05-21T15:59:56.664+0200 I  CONTROL  [initandlisten] 
2020-05-21T15:59:56.664+0200 I  CONTROL  [initandlisten] ** WARNING: Access control is not enabled for the database.
2020-05-21T15:59:56.664+0200 I  CONTROL  [initandlisten] **          Read and write access to data and configuration is unrestricted.
2020-05-21T15:59:56.665+0200 I  CONTROL  [initandlisten] 
2020-05-21T15:59:56.775+0200 I  SHARDING [initandlisten] Marking collection local.system.replset as collection version: <unsharded>
2020-05-21T15:59:56.792+0200 I  STORAGE  [initandlisten] Flow Control is enabled on this deployment.
2020-05-21T15:59:56.798+0200 I  SHARDING [initandlisten] Marking collection admin.system.roles as collection version: <unsharded>
2020-05-21T15:59:56.804+0200 I  SHARDING [initandlisten] Marking collection admin.system.version as collection version: <unsharded>
2020-05-21T15:59:56.851+0200 I  SHARDING [initandlisten] Marking collection local.startup_log as collection version: <unsharded>
2020-05-21T15:59:58.074+0200 W  FTDC     [initandlisten] Failed to initialize Performance Counters for FTDC: WindowsPdhError: PdhExpandCounterPathW failed with 'L’objet spécifié n’a pas été trouvé sur l’ordinateur.' for counter '\Memory\Available Bytes'
2020-05-21T15:59:58.074+0200 I  FTDC     [initandlisten] Initializing full-time diagnostic data capture with directory 'C:/Serveur/SI/API_1/API_node_1/server/4.2/data/diagnostic.data'
2020-05-21T15:59:58.361+0200 I  SHARDING [LogicalSessionCacheRefresh] Marking collection config.system.sessions as collection version: <unsharded>
2020-05-21T15:59:58.375+0200 I  SHARDING [LogicalSessionCacheReap] Marking collection config.transactions as collection version: <unsharded>
2020-05-21T15:59:58.399+0200 I  NETWORK  [listener] Listening on 127.0.0.1
2020-05-21T15:59:58.399+0200 I  NETWORK  [listener] waiting for connections on port 27017
2020-05-21T15:59:58.400+0200 I  STORAGE  [initandlisten] Service running
2020-05-21T15:59:59.016+0200 I  SHARDING [ftdc] Marking collection local.oplog.rs as collection version: <unsharded>
